<?xml version="1.0" encoding="UTF-8"?>
<!-- Generated by org.testng.reporters.JUnitReportReporter -->
<testsuite hostname="PLLL0201" name="JacksonAPItest.APItest" tests="1" failures="0" timestamp="16 Feb 2016 13:52:05 GMT" time="1.629" errors="0">
  <testcase name="testAPIAttributes" time="1.629" classname="JacksonAPItest.APItest"/>
</testsuite> <!-- JacksonAPItest.APItest -->
