<?xml version="1.0" encoding="UTF-8"?>
<!-- Generated by org.testng.reporters.JUnitReportReporter -->
<testsuite hostname="PLLL0201" name="appiumTest.AndroidCalcTest" tests="1" failures="0" timestamp="27 Jan 2016 11:57:52 GMT" time="11.540" errors="0">
  <testcase name="ValuePlusValueTest" time="11.540" classname="appiumTest.AndroidCalcTest"/>
</testsuite> <!-- appiumTest.AndroidCalcTest -->
